<?xml version="1.0" encoding="UTF-8"?>
<!-- Generated by org.testng.reporters.JUnitReportReporter -->
<testsuite hostname="DESKTOP-4D77NGR" failures="0" tests="2" name="com.moneycontrol.testcase.testcasesTest" time="217.852" errors="0" timestamp="9 Jun 2021 07:02:29 GMT">
  <testcase classname="com.moneycontrol.testcase.testcasesTest" name="getstockdetails" time="133.781"/>
  <testcase classname="com.moneycontrol.testcase.testcasesTest" name="getstockdetails" time="84.071"/>
</testsuite> <!-- com.moneycontrol.testcase.testcasesTest -->
