<?xml version="1.0" encoding="UTF-8"?>
<!-- Generated by org.testng.reporters.JUnitReportReporter -->
<testsuite hostname="DESKTOP-4D77NGR" failures="0" tests="2" name="com.moneycontrol.testcase.testcasesTest" time="168.734" errors="0" timestamp="15 Jun 2021 06:16:23 GMT">
  <testcase classname="com.moneycontrol.testcase.testcasesTest" name="getstockdetails" time="109.539"/>
  <testcase classname="com.moneycontrol.testcase.testcasesTest" name="getstockdetails" time="59.195"/>
</testsuite> <!-- com.moneycontrol.testcase.testcasesTest -->
