<?xml version="1.0" encoding="UTF-8"?>
<!-- Generated by org.testng.reporters.JUnitReportReporter -->
<testsuite hostname="DESKTOP-4D77NGR" failures="0" tests="1" name="com.moneycontrol.testcase.testcasesTest" time="59.306" errors="0" timestamp="18 Jul 2021 06:37:42 GMT">
  <testcase classname="com.moneycontrol.testcase.testcasesTest" name="getstockdetails" time="59.306"/>
</testsuite> <!-- com.moneycontrol.testcase.testcasesTest -->
