<?xml version="1.0" encoding="UTF-8"?>
<!-- Generated by org.testng.reporters.JUnitReportReporter -->
<testsuite hostname="DESKTOP-4D77NGR" failures="0" tests="4" name="com.moneycontrol.testcase.testcasesTest" time="705.481" errors="0" timestamp="12 Jun 2021 11:19:19 GMT">
  <testcase classname="com.moneycontrol.testcase.testcasesTest" name="getstockdetails" time="217.469"/>
  <testcase classname="com.moneycontrol.testcase.testcasesTest" name="getstockdetail" time="156.553"/>
  <testcase classname="com.moneycontrol.testcase.testcasesTest" name="getstockdetails" time="180.747"/>
  <testcase classname="com.moneycontrol.testcase.testcasesTest" name="getstockdetail" time="150.712"/>
</testsuite> <!-- com.moneycontrol.testcase.testcasesTest -->
