<?xml version="1.0" encoding="UTF-8"?>
<!-- Generated by org.testng.reporters.JUnitReportReporter -->
<testsuite hostname="DESKTOP-4D77NGR" failures="0" tests="1" name="com.moneycontrol.testcase.testcasesTest" time="165.591" errors="0" timestamp="19 Jun 2021 13:43:31 GMT">
  <testcase classname="com.moneycontrol.testcase.testcasesTest" name="getstockdetails" time="165.591"/>
</testsuite> <!-- com.moneycontrol.testcase.testcasesTest -->
