<?xml version="1.0" encoding="UTF-8"?>
<!-- Generated by org.testng.reporters.JUnitReportReporter -->
<testsuite hostname="DESKTOP-4D77NGR" failures="0" tests="3" name="com.moneycontrol.testcase.testcasedelete" time="0.043" errors="0" timestamp="2 Jul 2021 05:30:40 GMT">
  <testcase classname="com.moneycontrol.testcase.testcasedelete" name="atest2" time="0.031"/>
  <testcase classname="com.moneycontrol.testcase.testcasedelete" name="btest1" time="0.009"/>
  <testcase classname="com.moneycontrol.testcase.testcasedelete" name="ctest3" time="0.003"/>
</testsuite> <!-- com.moneycontrol.testcase.testcasedelete -->
