<?xml version="1.0" encoding="UTF-8"?>
<!-- Generated by org.testng.reporters.JUnitReportReporter -->
<testsuite hostname="DESKTOP-4D77NGR" failures="0" tests="2" name="com.moneycontrol.testcase.testcasesTest" time="223.139" errors="0" timestamp="6 Jun 2021 09:19:37 GMT">
  <testcase classname="com.moneycontrol.testcase.testcasesTest" name="getstockdetails" time="99.125"/>
  <testcase classname="com.moneycontrol.testcase.testcasesTest" name="getstockdetails" time="124.014"/>
</testsuite> <!-- com.moneycontrol.testcase.testcasesTest -->
